\BOOKMARK [1][-]{section.1}{ 1. Introduction}{}% 1
\BOOKMARK [1][-]{section.2}{ 2. Models}{}% 2
\BOOKMARK [2][-]{subsection.2.1}{2.1 1D Systems}{section.2}% 3
\BOOKMARK [2][-]{subsection.2.2}{2.2 2D Systems}{section.2}% 4
\BOOKMARK [2][-]{subsection.2.3}{2.3 Connections}{section.2}% 5
\BOOKMARK [2][-]{subsection.2.4}{2.4 Excitations}{section.2}% 6
\BOOKMARK [3][-]{subsubsection.2.4.1}{2.4.1 The Bow}{subsection.2.4}% 7
\BOOKMARK [3][-]{subsubsection.2.4.2}{2.4.2 Hammer}{subsection.2.4}% 8
\BOOKMARK [3][-]{subsubsection.2.4.3}{2.4.3 Pluck}{subsection.2.4}% 9
\BOOKMARK [1][-]{section.3}{ 3. Discrete Time}{}% 10
\BOOKMARK [2][-]{subsection.3.1}{3.1 FDTD schemes}{section.3}% 11
\BOOKMARK [2][-]{subsection.3.2}{3.2 Connections}{section.3}% 12
\BOOKMARK [2][-]{subsection.3.3}{3.3 Excitations}{section.3}% 13
\BOOKMARK [3][-]{subsubsection.3.3.1}{3.3.1 The Bow}{subsection.3.3}% 14
\BOOKMARK [3][-]{subsubsection.3.3.2}{3.3.2 Hammer and Pluck}{subsection.3.3}% 15
\BOOKMARK [1][-]{section.4}{ 4. Real-Time Application}{}% 16
\BOOKMARK [2][-]{subsection.4.1}{4.1 System Architecture}{section.4}% 17
\BOOKMARK [2][-]{subsection.4.2}{4.2 Control panel}{section.4}% 18
\BOOKMARK [2][-]{subsection.4.3}{4.3 Instrument area}{section.4}% 19
\BOOKMARK [3][-]{subsubsection.4.3.1}{4.3.1 Model Interaction}{subsection.4.3}% 20
\BOOKMARK [3][-]{subsubsection.4.3.2}{4.3.2 Modules}{subsection.4.3}% 21
\BOOKMARK [3][-]{subsubsection.4.3.3}{4.3.3 Outputs}{subsection.4.3}% 22
\BOOKMARK [3][-]{subsubsection.4.3.4}{4.3.4 Connections}{subsection.4.3}% 23
\BOOKMARK [3][-]{subsubsection.4.3.5}{4.3.5 Groups}{subsection.4.3}% 24
\BOOKMARK [3][-]{subsubsection.4.3.6}{4.3.6 Presets}{subsection.4.3}% 25
\BOOKMARK [2][-]{subsection.4.4}{4.4 Excitation}{section.4}% 26
\BOOKMARK [2][-]{subsection.4.5}{4.5 Fixed parameters}{section.4}% 27
\BOOKMARK [1][-]{section.5}{ 5. Results}{}% 28
\BOOKMARK [1][-]{section.6}{ 6. Discussion}{}% 29
\BOOKMARK [1][-]{section.7}{ 7. Conclusion}{}% 30
\BOOKMARK [1][-]{section.8}{ 8. References}{}% 31
